<?xml version="1.0" encoding="UTF-8"?>
<!-- Generated by org.testng.reporters.JUnitReportReporter -->
<testsuite hostname="inbl01lap5380" failures="0" tests="4" name="TestCases.TestCase_Mrs" time="13.613" errors="0" timestamp="2022-02-18T18:22:12 IST" skipped="0">
  <testcase classname="TestCases.TestCase_Mrs" name="Sign_in" time="2.186"/>
  <system-out/>
  <testcase classname="TestCases.TestCase_Mrs" name="AppointmentScheduling" time="4.057"/>
  <system-out/>
  <testcase classname="TestCases.TestCase_Mrs" name="CaptureVitals" time="7.321"/>
  <system-out/>
  <testcase classname="TestCases.TestCase_Mrs" name="HomePage" time="0.049"/>
  <system-out/>
</testsuite> <!-- TestCases.TestCase_Mrs -->
