<?xml version="1.0" encoding="UTF-8"?>
<!-- Generated by org.testng.reporters.JUnitReportReporter -->
<testsuite hostname="inbl01lap5380" failures="0" tests="1" name="com.corp.qa.testcases.LoginPageTest1" time="10.049" errors="0" timestamp="17 Feb 2022 03:16:04 GMT" skipped="0">
  <testcase classname="com.corp.qa.testcases.LoginPageTest1" name="validateLoginnnn" time="10.049"/>
</testsuite> <!-- com.corp.qa.testcases.LoginPageTest1 -->
