<?xml version="1.0" encoding="UTF-8"?>
<!-- Generated by org.testng.reporters.JUnitReportReporter -->
<testsuite hostname="inbl01lap5380" failures="0" tests="1" name="PutRequest.Project_PutRequest" time="3.194" errors="0" timestamp="2022-02-18T19:50:35 IST" skipped="0">
  <testcase classname="PutRequest.Project_PutRequest" name="Put_Request" time="3.194"/>
  <system-out/>
</testsuite> <!-- PutRequest.Project_PutRequest -->
