<?xml version="1.0" encoding="UTF-8"?>
<!-- Generated by org.testng.reporters.JUnitReportReporter -->
<testsuite hostname="inbl01lap5380" failures="0" tests="1" name="com.corp.qa.testcases.LoginPageTest1" time="10.422" errors="0" timestamp="2022-02-12T15:50:08 IST" skipped="0">
  <testcase classname="com.corp.qa.testcases.LoginPageTest1" name="validateLoginnnn" time="10.422"/>
  <system-out/>
</testsuite> <!-- com.corp.qa.testcases.LoginPageTest1 -->
