<?xml version="1.0" encoding="UTF-8"?>
<!-- Generated by org.testng.reporters.JUnitReportReporter -->
<testsuite hostname="inbl01lap5380" failures="0" tests="6" name="TestCase" time="31.494" errors="0" timestamp="17 Feb 2022 03:51:56 GMT" skipped="0">
  <testcase classname="TestCase" name="candidate" time="4.073"/>
  <testcase classname="TestCase" name="Negative_Test" time="7.892"/>
  <testcase classname="TestCase" name="vacancy" time="3.464"/>
  <testcase classname="TestCase" name="addvacancy" time="3.474"/>
  <testcase classname="TestCase" name="Test" time="11.993"/>
  <testcase classname="TestCase" name="VerifyCandidate" time="0.598"/>
</testsuite> <!-- TestCase -->
