<?xml version="1.0" encoding="UTF-8"?>
<!-- Generated by org.testng.reporters.JUnitReportReporter -->
<testsuite hostname="inbl01lap5380" failures="0" tests="5" name="TestCase" time="22.175" errors="0" timestamp="15 Feb 2022 03:17:14 GMT" skipped="1">
  <testcase classname="TestCase" name="vacancy" time="3.458"/>
  <testcase classname="TestCase" name="Test" time="12.782"/>
  <testcase classname="TestCase" name="addvacancy" time="2.869"/>
  <testcase classname="TestCase" name="candidate" time="3.066"/>
  <testcase classname="TestCase" name="Negative_Test">
    <skipped/>
  </testcase> <!-- Negative_Test -->
</testsuite> <!-- TestCase -->
